[    0.000000] inux vesion 4.15.-22-genric (buildd@lgw01-amd64-013) (gcc version 7.3.0 (Ubuntu 7.3.0-16ubuntu3)) #24-Ubuntu SMPWed May 16 2:15:17 UTC 218 (Ubuntu 4.15.0-22.24-generic 4.15.17)
[    0.000000] Command line: BOOT_IMAGE=/boot/vmlinuz-4.15.0-22-generic root=LABEL=cloudimg-rootfs ro console=tty1 consoe=ttyS0
[    0.000000] KERNEL suported cpus:
[    .000000]   Intel GenuineIntel
[    0.0000]   AMD AuthenticAMD
[    0.000000]   Centar entaurHauls
[    0.000000] x86/fpu: Supporting XSAVE feature 0x001: 'x87 flating point registers'
[    0.00000] x86ffpu: Supportin XSAVE eature 0x002: 'SSE registers'
[   0.000000 x86/fpu: Supprting XSAV feature 0x004: 'AVX registers'
[    0.000000] x86/fpu: xstate_offset[2]:  576, xstate_sizes[2]:  256
[    0.000000] x86/fpu: Enabled xstate features 0x7, context size is 832 bytes, using 'standard' format.
[    0.000000] e820: BIOS-provided physical RAM map:
[   .000000] BIOS-e820:[mem 0x00000000000000000-0x000000000009fbff] usable
[    0.000000 BIOS-e820: [mem 0x000000000009fc00-0x000000000009ffff] reserved
[    0.00000 BIOS-e820: [mem 0x00000000000f0000-0x00000000000fffff] reserved
[    0.000000] BIOS-e820: [mem 0x0000000000100000-0000000003ffeffff] usable
[    0.000000] BIOS-e820: [mem 0x000000003fff0000-0x000000003fffffff] ACPI data
[    0.000000] BIOS-e820: [mem 0x00000000fec00000-0x00000000fec00fff] reserved
[    0.000000] BIOS-e820: [mem 0x00000000fee00000-0x00000000fee00fff] reserved
[    0.000000] BIOS-e820: [mem 0x00000000fffc0000-0x00000000ffffffff] reserved
[    0.000000] NX (Execute Disable) protection: active
[    0.000000] random: fast init done
[    0.000000] SMBIO 2.5 present.
[    0.000000] DMI: innotek GmbH VirtualBox/VirtualBox, BIOS VirtualBox 12/01/2006
[    0.000000] Hypevisor etected: KVM
[    .00000]  e820: last_pfn = 0x3fff0 max_arch_pfn = 0x40000000
[    0.00000] MTRR: Dibled
[    0.000000] x86/PAT: MTRRs disabled, skipping PAT initialization too.
[    0.000000] CPU MTRRs all blank - vrtualzed system.
[    0.000000] x86/PAT: Configuration [0-7]: WB  WT  UC- UC  WB  WT  UC- UC  
[    0.000000] foud SMP MP-table at [mem 0x0009fff0-0x00009fff] mapped t [        ptrval)]
[    0.000000] Scanning 1 areas for low memory corruption
[    0.000000] RAMDISK: [mem 0x35bb0000-0x3684fff]
[    .000000]ACPI: Early table checksum verification disabled
[   0.000000] ACPI: RSDP 0x000000000E0000 000024 (v02VBOX )
[    0.000000] ACPI: XSDT 0x000000003FFF0030 00003C (v01 VBOX   VBOXXSDT 00000001 ASL  00000061)
[    0.000000] ACPI: FACP 0x000000003FFF00F0 0000F4 (v04 VBOX   VBOXFACP 00000001 ASL  00000061)
[    0.000000] ACPI: DSDT 0x000000003FFF0470 0021FF (v02 VBOX   VBOXBIOS 00000002 INTL 20100528)
[    0.000000] ACPI: FACS 0x000000003FFF0200 000040
[    0.000000] ACPI: FACS 0x000000003FFF0200 000040
[    0.000000] ACPI: APIC 0x000000003FFF0240 00005C (v02 VBOX   VBOXAPIC 00000001 ASL  00000061)
[    0.000000] ACPI: SSDT 0x000000003FFF02A0 0001CC (v01 VBOX   VBOXCPUT 00000002 INTL 20100528)
[    0.000000] No NUMA configuration found
[    0.000000] Faking a node at [mem 0x0000000000000000-0x000000003ffeffff]
[    0.000000] NODE_DATA(0) allocated [mem 0x3ffc5000-0x3ffeffff]
[    0.000000] kvm-clock: cpu 0, msr 0:3ff44001, primary cpu clock
[    0.000000] kvm-clock: Using msrs 4b564d01 and 4b564d00
[    0.000000] kvm-clock: using sched offset of 3520697402 cycles
[    0.000000] clocksource: kvm-clock: mask: 0xffffffffffffffff max_cycles: 0x1cd42e4dffb, max_idle_ns: 881590591483 ns
[    0.000000] Zone ranges:
[    0.000000]   DMA      [mem 0x0000000000001000-0x0000000000ffffff]
[    0.000000]   DMA32    [mem 0x0000000001000000-0x000000003ffeffff]
[    0.000000]   Normal   empty
[    0.000000]   Device   empty
[    0.000000] Movable zone start for each node
[    0.000000] Early memory node ranges
[    0.000000]   node   0: [mem 0x0000000000001000-0x000000000009efff]
[    0.000000]   node   0: [mem 0x0000000000100000-0x000000003ffeffff]
[    0.000000] Initmem setup node 0 [mem 0x0000000000001000-0x000000003ffeffff]
[    0.000000] Reserved but unavailable: 98 pages
[    0.000000] ACPI: PM-Timer IO Port: 0x4008
[    0.000000] IOAPIC[0]: apic_id 2, version 32, address 0xfec00000, GSI 0-23
[    0.000000] ACPI: INT_SRC_OVR (bus 0 bus_irq 0 global_irq 2 dfl dfl)
[    0.000000] ACPI: INT_SRC_OVR (bus 0 bus_irq 9 global_irq 9 low level)
[    0.000000] Using ACPI (MADT) for SMP configuration information
[    0.000000] smpboot: Allowing 2 CPUs, 0 hotplug CPUs
[    0.000000] PM: Registered nosave memory: [mem 0x00000000-0x00000fff]
[    0.000000] PM: Registered nosave memory: [mem 0x0009f000-0x0009ffff]
[    0.000000] PM: Registered nosave memory: [mem 0x000a0000-0x000effff]
[    0.000000] PM: Registered nosave memory: [mem 0x000f0000-0x000fffff]
[    0.000000] e820: [mem 0x40000000-0xfebfffff] available for PCI devices
[    0.000000] Booting paravirtualized kernel on KVM
[    0.000000] clocksource: refined-jiffies: mask: 0xffffffff max_cycles: 0xffffffff, max_idle_ns: 7645519600211568 ns
[    0.000000] setup_percpu: NR_CPUS:8192 nr_cpumask_bits:2 nr_cpu_ids:2 nr_node_ids:1
[    0.000000] percpu: Embedded 46 pages/cpu @        (ptrval) s151552 r8192 d28672 u1048576
[    0.000000] PV qspinlock hash table entries: 256 (order: 0, 4096 bytes)
[    0.000000] Built 1 zonelists, mobility grouping on.  Total pages: 257913
[    0.000000] Policy zone: DMA32
[    0.000000] Kernel command line: BOOT_IMAGE=/boot/vmlinuz-4.15.0-22-generic root=LABEL=cloudimg-rootfs ro console=tty1 console=ttyS0
[    0.000000] Memory: 983732K/1048120K availble (12300K kerne code, 470K rwdata, 4240K rodta, 2404K init, 2416K bss, 4388K reserved, 0K cma-reserved)
[    0.000000] SLUB: HWalign=64, Order=0-3, MinObjects=0, CPUs=2, Nodes=1
[    0.000000] Kernel/User page tables isolation: enabled
[    0.000000] ftrace: allocating 39081 entries in 153 pages
[    0.004000] Hierarchical RCU implementation.
[    0.004000] 	RCU restricting CPUss from NR_CPUS=8192 to nr_cpu_ids=2.
[    0.004000] 	Tasks RCU enabled.
[    0.004000] RCU: Adjusting geometry for rcu_fanout_leaf=16, nr_cpu_ids=2
[    0.004000] NR_IRQS: 524544, nr_irqs: 440, preallocated irqs: 16
[    0.004000] Console: colour VGA+ 80x25
[    0.004000] console [tty1] enabled
[    0.004000] console [ttyS0] enabled
[    0.004000] ACPI: Core revision 20170831
[    0.004000] ACPI: 2 ACPI AML tables successfully acquired and loaded
[    0.004000] APIC: Switch to symmetric I/O mode setup
[    0.004000] x2apic enabled
[    0.004000] Switched APIC routing to physical x2apic.
[    0.005275] ..TIMER: vector=0x30 apic1=0 pin1=2 apic2=-1 pin2=-1
[    0.008003] tsc: Detected 2494.226 MHz processor
[    0.012010] Calibrating delay loop (skipped) preset value.. 4988.45 BogoMIPS (lpj=9976904)
[    0.014494] pid_max: default: 32768 minimum: 301
[    0.016028] Security Framework initialized
[    0.017272] Yama: becoming mindful.
[    0.018402] AppArmor: AppArmor initialized
[    0.021788] Dentry cache hash table entries: 131072 (order: 8, 1048576 bytes)
[    0.024093] Inode-cache hash table entries: 65536 (order: 7, 524288 bytes)
[    0.026319] Mount-cache hash table entries: 2048 (order: 2, 16384 bytes)
[    0.028007] Mountpoint-cache hash table entries: 2048 (order: 2, 16384 bytes)
[    0.030524] CPU: Physical Processor ID: 0
[    0.032003] CPU: Processor Core ID: 0
[    0.033169] mce: CPU supports 0 MCE banks
[    0.034567] Last level iTLB entries: 4KB 1024, 2MB 1024, 4MB 1024
[    0.036003] Last level dTLB entries: 4KB 1024, 2MB 1024, 4MB 1024, 1GB 4
[    0.037821] Spectre V2 : Mitigation: Full generic retpoline
[    0.040002] Speculative Store Bypass: Vulnerable
[    0.041037] Freeing SMP alternatives memory: 36K
[    0.044000] smpboot: CPU0: Intel(R) Core(TM) i7-4870HQ CPU @ 2.50GHz (family: 0x6, model: 0x46, stepping: 0x1)
[    0.044075] Performance Events: unsupported p6 CPU model 70 no PMU driver, software events only.
[    0.048032] Hierarchical SRCU implementation.
[    0.052497] NMI watchdog: Perf event create on CPU 0 failed with -2
[    0.056005] NMI watchdog: Perf NMI watchdog permanently disabled
[    0.060039] smp: Bringing up secondary CPUs ...
[    0.064064] x86: Booting SMP configuration:
[    0.068003] .... node  #0, CPUs:      #1
[    0.004000] kvm-clock: cpu 1, msr 0:3ff44041, secondary cpu clock
[    0.004000] mce: CPU supports 0 MCE banks
[    0.090281] smp: Brought up 1 node, 2 CPUs
[    0.092005] smpboot: Max logical packages: 1
[    0.096004] smpboot: Total of 2 processors activated (9976.90 BogoMIPS)
[    0.100124] devtmpfs: initialized
[    0.104050] x86/mm: Memory block size: 128MB
[    0.108122] evm: security.selinux
[    0.111148] evm: security.SMACK64
[    0.112003] evm: security.SMACK64EXEC
[    0.116003] evm: security.SMACK64TRANSMUTE
[    0.120002] evm: security.SMACK64MMAP
[    0.124002] evm: security.apparmor
[    0.128002] evm: security.ima
[    0.132002] evm: security.capability
[    0.136080] clocksource: jiffies: mask: 0xffffffff max_cycles: 0xffffffff, max_idle_ns: 7645041785100000 ns
[    0.140007] futex hash table entries: 512 (order: 3, 32768 bytes)
[    0.144048] pinctrl core: initialized pinctrl subsystem
[    0.149550] RTC time:  0:48:10, date: 05/28/18
[    0.152156] NET: Registered protocol family 16
[    0.156068] audit: initializing netlink subsys (disabled)
[    0.160044] audit: type=2000 audit(1527468492.504:1): state=initialized audit_enabled=0 res=1
[    0.196006] cpuidle: using governor ladder
[    0.200008] cpuidle: using governor menu
[    0.204033] ACPI: bus type PCI registered
[    0.208003] acpiphp: ACPI Hot Plug PCI Controller Driver version: 0.5
[    0.212145] PCI: Using configuration type 1 for base access
[    0.220030] HugeTLB registered 2.00 MiB page size, pre-allocated 0 pages
[    0.221747] ACPI: Added _OSI(Module Device)
[    0.224003] ACPI: Added _OSI(Processor Device)
[    0.226401] ACPI: Added _OSI(3.0 _SCP Extensions)
[    0.228004] ACPI: Added _OSI(Processor Aggregator Device)
[    0.236102] ACPI: Executed 1 blocks of module-level executable AML code
[    0.245894] ACPI: Interpreter enabled
[    0.248014] ACPI: (supports S0 S5)
[    0.252003] ACPI: Using IOAPIC for interrupt routing
[    0.256198] PCI: Using host bridge windows from ACPI; if necessary, use "pci=nocrs" and report a bug
[    0.260183] ACPI: Enabled 2 GPEs in block 00 to 07
[    0.272000] ACPI: PCI Root Bridge [PCI0] (domain 0000 [bus 00-ff])
[    0.272009] acpi PNP0A03:00: _OSC: OS supports [ASPM ClockPM Segments MSI]
[    0.276026] acpi PNP0A03:00: _OSC: not requesting OS control; OS requires [ExtendedConfig ASPM ClockPM MSI]
[    0.280015] acpi PNP0A03:00: fail to add MMCONFIG information, can't access extended PCI configuration space under this bridge.
[    0.284386] PCI host bridge to bus 0000:00
[    0.288004] pci_bus 0000:00: root bus resource [io  0x0000-0x0cf7 window]
[    0.292004] pci_bus 0000:00: root bus resource [io  0x0d00-0xffff window]
[    0.296004] pci_bus 0000:00: root bus resource [mem 0x000a0000-0x000bffff window]
[    0.300004] pci_bus 0000:00: root bus resource [mem 0x40000000-0xfdffffff window]
[    0.304004] pci_bus 0000:00: root bus resource [bus 00-ff]
[    0.313768] pci 0000:00:01.1: legacy IDE quirk: reg 0x10: [io  0x01f0-0x01f7]
[    0.316004] pci 0000:00:01.1: legacy IDE quirk: reg 0x14: [io  0x03f6]
[    0.320004] pci 0000:00:01.1: legacy IDE quirk: reg 0x18: [io  0x0170-0x0177]
[    0.324004] pci 0000:00:01.1: legacy IDE quirk: reg 0x1c: [io  0x0376]
[    0.344720] pci 0000:00:07.0: quirk: [io  0x4000-0x403f] claimed by PIIX4 ACPI
[    0.348020] pci 0000:00:07.0: quirk: [io  0x4100-0x410f] claimed by PIIX4 SMB
[    0.362711] ACPI: PCI Interrupt Link [LNKA] (IRQs 5 9 10 *11)
[    0.364379] ACPI: PCI Interrupt Link [LNKB] (IRQs 5 9 *10 11)
[    0.368136] ACPI: PCI Interrupt Link [LNKC] (IRQs 5 *9 10 11)
[    0.372135] ACPI: PCI Interrupt Link [LNKD] (IRQs 5 9 10 *11)
[    0.376360] SCSI subsystem initialized
[    0.380051] pci 0000:00:02.0: vgaarb: setting as boot VGA device
[    0.384000] pci 0000:00:02.0: vgaarb: VGA device added: decodes=io+mem,owns=io+mem,locks=none
[    0.384006] pci 0000:00:02.0: vgaarb: bridge control possible
[    0.388004] vgaarb: loaded
[    0.392026] ACPI: bus type USB registered
[    0.394453] usbcore: registered new interface driver usbfs
[    0.396012] usbcore: registered new interface driver hub
[    0.400018] usbcore: registered new device driver usb
[    0.404052] EDAC MC: Ver: 3.0.0
[    0.408266] PCI: Using ACPI for IRQ routing
[    0.412326] NetLabel: Initializing
[    0.416002] NetLabel:  domain hash size = 128
[    0.420002] NetLabel:  protocols = UNLABELED CIPSOv4 CALIPSO
[    0.424018] NetLabel:  unlabeled traffic allowed by default
[    0.425112] clocksource: Switched to clocksource kvm-clock
[    0.438072] VFS: Disk quotas dquot_6.6.0
[    0.439479] VFS: Dquot-cache hash table entries: 512 (order 0, 4096 bytes)
[    0.441210] AppArmor: AppArmor Filesystem Enabled
[    0.442161] pnp: PnP ACPI init
[    0.444032] pnp: PnP ACPI: found 3 devices
[   0.456053] locksourc: acpi_pm: mask: 0xffffff max_cycles: 0xffffff, max_idle_ns: 2085701024 ns
[    0.525308] NET: Registered protocol family 2

[    0.528342] TCP established hash table entres: 8192 (order: 4, 65536 bytes)
[    0.556537] TCP bind hash table entries: 8192 (order: 5, 131072 bytes)
[    0.558281] TCP: Hash tables configured (established 8192 bind 8192)
[    0.559897] UDP hash table entries: 512 (order: 2, 16384 bytes)
[    0.561379] UDP-Lite hash table entries: 512 (order: 2, 16384 bytes)
[    0.563102] NET: Registered protocol family 1
[    0.564302] pci 0000:00:00.0: Limiting direct PCI/PCI transfers
[    0.565818] pci 0000:00:01.0: Activating ISA DMA hang workarounds
[    0.567436] pci 0000:00:02.0: Video device with shadowed ROM at [mem 0x000c0000-0x000dffff]
[    0.569644] Unpacking initramfs...

[    0.815802] Freeing initrd memory: 18856K
[    0.825651] platform rtc_cmos: registered platform RTC device (no PNP device found)
[    0.849433] Scanning for low memory corruption every 60 seconds
[    0.851292] Initialise system trusted keyrings
[    0.852195] Key type blacklist registered
[    0.853061] workingset: timestamp_bits=36 max_order=18 bucket_order=0
[    0.856571] zbud: loaded
[    0.857770] squashfs: version 4.0 (2009/01/31) Phillip Lougher
[    0.869151] fuse init (API version 7.26)
[    0.882527] Key type asymmetric registered
[    0.904881] Asymmetric key parser 'x509' registered
[    0.915070] Block layer SCSI generic (bsg) driver version 0.4 loaded (major 246)
[    0.933630] io scheduler noop registered
[    0.937905] io scheduler deadline registered
[    0.941420] io scheduler cfq registered (default)
[    0.947469] ACPI: AC Adapter [AC] (on-line)
[    0.964703] input: Power Button as /devices/LNXSYSTM:00/LNXPWRBN:00/input/input0
[    0.976877] ACPI: Power Button [PWRF]
[    0.982709] input: Sleep Button as /devices/LNXSYSTM:00/LNXSLPBN:00/input/input1
[    1.004960] ACPI: Sleep Button [SLPF]
[    1.014638] ACPI: Battery Slot [BAT0] (battery present)
[    1.020478] Seial: 25/16550 driver 32 ports,IRQ saring enabled

[    1.049669] 00:02: ttyS0 at I/O 0x3f8 (irq = 4, base_baud = 115200) is a 16550A
[    1.185104] Linux agpgart interface v0.103
[    1.198116] loop: module loaded
[    1.199747] scsi host0: ata_piix
[    1.265713] scsi host1: ata_piix
[    1.296990] ata1: PATA max UDMA/33 cmd 0x1f0 ctl 0x3f6 bmdma 0xd000 irq 14
[    1.327141] ata2: PATA max UDMA/33 cmd 0x170 ctl 0x376 bmdma 0xd008 irq 15
[    1.340210] libphy: Fixed MDIO Bus: probed
[    1.378396] tun: Universal TUN/TAP device driver, 1.6
[    1.415941] PPP generic driver version 2.4.2
[    1.446202] ehci_hcd: USB 2.0 'Enhanced' Host Controller (EHCI) Driver
[    1.524969] ehci-pci: EHCI PCI platform driver
[    1.555346] ehci-platform: EHCI generic platform driver
[    1.597226] ohci_hcd: USB 1.1 'Open' Host Controller (OHCI) Driver
[    1.622216] ohci-pci: OHCI PCI platform driver
[    1.623556] ohci-platform: OHCI generic platform driver
[    1.626930] uhci_hcd: USB Universal Host Controller Interface driver
[    1.628600] i8042: PNP: PS/2 Controller [PNP0303:PS2K,PNP0f03:PS2M] at 0x60,0x64 irq 1,12
[    1.631234] serio: i8042 KBD port at 0x60,0x64 irq 1
[    1.633729] serio: i8042 AUX port at 0x60,0x64 irq 12
[    1.635128] mousedev: PS/2 mouse device common for all mice
[    1.636763] input: AT Translated Set 2 keyboard as /devices/platform/i8042/serio0/input/input2
[    1.639383] rtc_cmos rtc_cmos: rtc core: registered rtc_cmos as rtc0
[    1.641055] rtc_cmos rtc_cmos: alarms up to one day, 114 bytes nvram
[    1.642768] i2c /dev entries driver
[    1.643751] device-mapper: uevent: version 1.0.3
[    1.646012] device-mapper: ioctl: 4.37.0-ioctl (2017-09-20) initialised: dm-devel@redhat.com
[    1.648189] ledtrig-cpu: registered to indicate activity on CPUs
[    1.650325] NET: Registered protocol family 10
[    1.655011] Segment Routing with IPv6
[    1.655978] NET: Registered protocol family 17
[    1.657273] Key type dns_resolver registered
[    1.658654] RAS: Correctable Errors collector initialized.
[    1.660034] sched_clock: Marking stable (1658588251, 0)->(4378712647, -2720124396)
[    1.662454] registered taskstats version 1
[    1.663507] Loading compiled-in X.509 certificates
[    1.666851] Loaded X.509 cert 'Build time autogenerated kernel key: 2bae1e8c50dcab357f42f039715f6a76c2f9c3dc'
[    1.669380] zswap: loaded using pool lzo/zbud
[    1.675344] Key type big_key registered
[    1.676445] Key type trusted registered
[    1.680762] Key type encrypted registered
[    1.681847] AppArmor: AppArmor sha1 policy hashing enabled
[    1.683315] ima: No TPM chip found, activating TPM-bypass! (rc=-19)
[    1.684875] evm: HMAC attrs: 0x1
[    1.687244]   Magic number: 2:881:810
[    1.688261] rtc_cmos rtc_cmos: setting system clock to 2018-05-28 00:48:11 UTC (1527468491)
[    1.690169] BIOS EDD facility v0.16 2004-Jun-25, 0 devices found
[    1.691349] EDD information not available.
[    1.694718] Freeing unused kernel memory: 2404K
[    1.696063] Write protecting the kernel read-only data: 20480k
[    1.726443] Freeing unused kernel memory: 2008K
[    1.769801] Freeing unused kernel memory: 1904K
[    1.775498] x86/mm: Checked W+X mappings: passed, no W+X pages found.
[    1.827321] x86/mm: Checking user space page tables
[    1.858313] tsc: Refined TSC clocksource calibration: 2497.608 MHz
[    1.859551] x86/mm: Checked W+X mappings: passed, no W+X pages found.
[    1.863415] clocksource: tsc: mask: 0xffffffffffffffff max_cycles: 0x24006607212, max_idle_ns: 440795273864 ns
Loading, please wait...
starting version 237
[    1.922920] e1000: Intel(R) PRO/1000 Network Driver - version 7.3.21-k8-NAPI
[    1.935668] e1000: Copyright (c) 1999-2006 Intel Corporation.
[    1.968557] Fusion MPT base driver 3.04.20
[    2.002722] Copyright (c) 1999-2008 LSI Corporation
[    2.010414] Fusion MPT SPI Host driver 3.04.20
[    2.025307] AVX2 version of gcm_enc/dec engaged.
[    2.038242] AES CTR mode by8 optimization enabled
[    2.255319] input: ImExPS/2 Generic Explorer Mouse as /devices/platform/i8042/serio1/input/input4
[    2.696688] e1000 0000:00:03.0 eth0: (PCI:33MHz:32-bit) 02:65:63:c3:a1:5d
[    2.750828] e1000 0000:00:03.0 eth0: Intel(R) PRO/1000 Network Connection
[    3.159079] e1000 0000:00:08.0 eth1: (PCI:33MHz:32-bit) 08:00:27:cb:7b:be
[    3.161165] e1000 0000:00:08.0 eth1: Intel(R) PRO/1000 Network Connection
[    4.066866] e1000 0000:00:03.0 enp0s3: renamed from eth0
[    4.115657] mptbase: ioc0: Initiating bringup
[    4.149452] e1000 0000:00:08.0 enp0s8: renamed from eth1
[    4.241576] ioc0: LSI53C1030 A0: Capabilities={Initiator}
[    4.500135] scsi host2: ioc0: LSI53C1030 A0, FwRev=00000000h, Ports=1, MaxQ=256, IRQ=20
[    4.669071] scsi 2:0:0:0: Direct-Access     VBOX     HARDDISK         1.0  PQ: 0 ANSI: 5
[    4.886415] scsi target2:0:0: Beginning Domain Validation
[    4.899103] scsi target2:0:0: Domain Validation skipping write tests
[    4.900397] scsi target2:0:0: Ending Domain Validation
[    4.901477] scsi target2:0:0: asynchronous
[    4.902606] scsi 2:0:1:0: Direct-Access     VBOX     HARDDISK         1.0  PQ: 0 ANSI: 5
[    5.076286] scsi target2:0:1: Beginning Domain Validation
[    5.098739] scsi target2:0:1: Domain Validation skipping write tests
[    5.121070] scsi target2:0:1: Ending Domain Validation
[    5.159921] scsi target2:0:1: asynchronous
[    5.506591] sd 2:0:0:0: Attached scsi generic sg0 type 0
[    5.508106] sd 2:0:0:0: [sda] 20971520 512-byte logical blocks: (10.7 GB/10.0 GiB)
[    5.575628] sd 2:0:0:0: [sda] Write Protect is off
[    5.575681] sd 2:0:1:0: Attached scsi generic sg1 type 0
[    5.621139] sd 2:0:1:0: [sdb] 20480 512-byte logical blocks: (10.5 MB/10.0 MiB)
[    5.625044] sd 2:0:0:0: [sda] Incomplete mode parameter data
[    5.625046] sd 2:0:0:0: [sda] Assuming drive cache: write through
[    5.662138]  sda: sda1
[    5.663218] sd 2:0:0:0: [sda] Attached SCSI disk
[    5.761675] sd 2:0:1:0: [sdb] Write Protect is off
[    5.786014] sd 2:0:1:0: [sdb] Incomplete mode parameter data
[    5.816629] sd 2:0:1:0: [sdb] Assuming drive cache: write through
[    5.821983] sd 2:0:1:0: [sdb] Attached SCSI disk
Begin: Loading essential drivers ... [    7.232414] raid6: sse2x1   gen() 10369 MB/s
[    7.284801] raid6: sse2x1   xor()  9085 MB/s
[    7.352289] raid6: sse2x2   gen() 14313 MB/s
[    7.445481] raid6: sse2x2   xor()  9486 MB/s
[    7.524327] raid6: sse2x4   gen() 16823 MB/s
[    7.590034] raid6: sse2x4   xor() 10369 MB/s
[    7.660054] raid6: avx2x1   gen() 22571 MB/s
[    7.735172] raid6: avx2x1   xor() 16530 MB/s
[    7.814277] raid6: avx2x2   gen() 26698 MB/s
[    7.885426] raid6: avx2x2   xor() 16595 MB/s
[    7.932595] raid6: avx2x4   gen() 29005 MB/s
[    7.999766] raid6: avx2x4   xor() 19842 MB/s
[    8.006453] raid6: using algorithm avx2x4 gen() 29005 MB/s
[    8.029121] raid6: .... xor() 19842 MB/s, rmw enabled
[    8.076414] raid6: using avx2x2 recovery algorithm
[    8.087001] xor: automatically using best checksumming function   avx       
[    8.108368] async_tx: api initialized (async)
done.
Begin: Running /scripts/init-premount ... done.
Begin: Mounting root file system ... Begin: Running /scripts/local-top ... done.
Begin: Running /scripts/local-premount[    8.153734] Btrfs loaded, crc32c=crc32c-intel
 ... Scanning for Btrfs filesystems
done.
Warning: fsck no[    8.185343] EXT4-fs (sda1): mounted filesystem with ordered data mode. Opts: (null)
t present, so skipping root file system
done.
Begin: Running /scripts/local-bottom ... done.
Begin: Running /scripts/init-bottom ... done.
[    8.349917] ip_tables: (C) 2000-2006 Netfilter Core Team
[    8.358657] systemd[1]: systemd 237 running in system mode. (+PAM +AUDIT +SELINUX +IMA +APPARMOR +SMACK +SYSVINIT +UTMP +LIBCRYPTSETUP +GCRYPT +GNUTLS +ACL +XZ +LZ4 +SECCOMP +BLKID +ELFUTILS +KMOD -IDN2 +IDN -PCRE2 default-hierarchy=hybrid)
[    8.366890] systemd[1]: Detected virtualization oracle.
[    8.374605] systemd[1]: Detected architecture x86-64.

Welcome to [1mUbuntu 18.04 LTS[0m!

[    8.433295] systemd[1]: Set hostname to <ubuntu>.
[    8.461780] systemd[1]: Initializing machine ID from random generator.
[    8.463273] systemd[1]: Installed transient /etc/machine-id file.
[    8.646678] systemd[1]: Reached target User and Group Name Lookups.
[[0;32m  OK  [0m] Reached target User and Group Name Lookups.
[    8.649521] systemd[1]: Reached target System Time Synchronized.
[[0;32m  OK  [0m] Reached target System Time Synchronized.
[    8.653956] systemd[1]: Created slice System Slice.
[[0;32m  OK  [0m] Created slice System Slice.
[    8.700867] systemd[1]: Listening on Journal Audit Socket.
[[0;32m  OK  [0m] Listening on Journal Audit Socket.
[[0;32m  OK  [0m] Created slice system-serial\x2dgetty.slice.
[[0;32m  OK  [0m] Listening on udev Control Socket.
[[0;32m  OK  [0m] Listening on Syslog Socket.
[[0;32m  OK  [0m] Listening on udev Kernel Socket.
[[0;32m  OK  [0m] Listening on Journal Socket (/dev/log).
[[0;32m  OK  [0m] Listening on /dev/initctl Compatibility Named Pipe.
[[0;32m  OK  [0m] Listening on LVM2 poll daemon socket.
[[0;32m  OK  [0m] Listening on Journal Socket.
         Mounting Kernel Debug File System...
         Starting Load Kernel Modules...
         Starting Journal Service...
         Mounting POSIX Message Queue Fil[    8.919688] Loading iSCSI transport class v2.0-870.
e System...
[[0;32m  OK  [0m] Started Forwa[    8.961860] iscsi: registered transport (tcp)
rd Password Requests to Wall Directory Watch.
[    8.989603] iscsi: registered transport (iser)
         Starting Uncomplicated firewall...
         Starting udev Coldplug all Devices...
[[0;32m  OK  [0m] Listening on Network Service Netlink Socket.
         Starting Create list of required st…ce nodes for the current kernel...
         Mounting Huge Pages File System...
[[0;32m  OK  [0m] Listening on LVM2 metadata daemon socket.
[[0;32m  OK  [0m] Set up automount Arbitrary Executab…rmats File System Automount Point.
         Starting Set the console keyboard layout...
[[0;32m  OK  [0m] Listening on Device-mapper event daemon FIFOs.
         Starting Monitoring of LVM2 mirrors…ng dmeventd or progress polling...
[[0;32m  OK  [0m] Created slice User and Session Slice.
[[0;32m  OK  [0m] Reached target Slices.
         Starting Remount Root and Kernel File Systems...
[[0;32m  OK  [[    9.249553] EXT4-fs (sda1): re-mounted. Opts: (null)
0m] Reached target Swap.
[[0;32m  OK  [0m] Started Journal Service.
[[0;32m  OK  [0m] Mounted Kernel Debug File System.
[[0;32m  OK  [0m] Started Load Kernel Modules.
[[0;32m  OK  [0m] Mounted POSIX Message Queue File System.
[[0;32m  OK  [0m] Started Uncomplicated firewall.
[[0;32m  OK  [0m] Started Create list of required sta…vice nodes for the current kernel.
[[0;32m  OK  [0m] Mounted Huge Pages File System.
[[0;32m  OK  [0m] Started Remount Root and Kernel File Systems.
[[0;32m  OK  [0m] Started LVM2 metadata daemon.
         Starting Initial cloud-init job (pre-networking)...
         Starting Load/Save Random Seed...
         Starting Create Static Device Nodes in /dev...
         Mounting Kernel Configuration File System...
         Mounting FUSE Control File System...
         Starting Apply Kernel Variables...
         Starting Flush Journal to Persistent Storage...
[[0;32m  OK  [0m] Mounted Kernel Configuration File System.
[[0;32m  OK  [0m] Mounted FUSE Control File System.
[[0;32m  OK  [0m] Started udev Coldplug all Devices.
[[0;32m  OK  [0m] Started Load/Save Random Seed.
[[0;32m  OK  [0m] Started Create Static Device Nodes in /dev.
         Starting udev Kernel Device Manager...
[[0;32m  OK  [0m] Started Monitoring of LVM2 mirrors,…sing dmeventd or progress polling.
[[0;32m  OK  [0m] Started udev Kernel Device Manager.
[[0;32m  OK  [0m] Started Apply Kernel Variables.
[[0;32m  OK  [0m] Started Flush Journal to Persistent Storage.
[[0;32m  OK  [0m] Found device /dev/ttyS0.
[[0;32m  OK  [0m] Listening on Load/Save RF Kill Switch Status /dev/rfkill Watch.
[[0;32m  OK  [0m] Started Set the console keyboard layout.
[[0;32m  OK  [0m] Started Dispatch Password Requests to Console Directory Watch.
[[0;32m  OK  [0m] Reached target Local Encrypted Volumes.
[[0;32m  OK  [0m] Reached target Local File Systems (Pre).
[[0;32m  OK  [0m] Reached target Local File Systems.
         Starting Commit a transient machine-id on disk...
         Starting Tell Plymouth To Write Out Runtime Data...
         Starting ebtables ruleset management...
         Starting Create Volatile Files and Directories...
         Starting AppArmor initialization...
         Starting Set console font and keymap...
[[0;32m  OK  [0m] Started Tell Plymouth To Write Out Runtime Data.
[[0;32m  OK  [0m] Started Set console font and keymap.
[[0;32m  OK  [0m] Started Create Volatile Files and Directories.
         Starting Update UTMP about System Boot/Shutdown...
[[0;32m  OK  [0m] Started Update UTMP about System Boot/Shutdown.
[[0;32m  OK  [0m] Started Commit a transient machine-id on disk.
[[0;32m  OK  [0m] Started ebtables ruleset management.
[   10.847260] cloud-init[422]: Cloud-init v. 18.2 running 'init-local' at Mon, 28 May 2018 00:48:20 +0000. Up 10.33 seconds.
[[0;32m  OK  [0m] Started Initial cloud-init job (pre-networking).
[[0;32m  OK  [0m] Reached target Network (Pre).
         Starting Network Service...
[[0;32m  OK  [0m] Started Network Service.
         Starting Wait for Network to be Configured...
         Starting Network Name Resolution...
[[0;32m  OK  [0m] Started Network Name Resolution.
[[0;32m  OK  [0m] Reached target Host and Network Name Lookups.
[[0;32m  OK  [0m] Reached target Network.
[[0;32m  OK  [0m] Started AppArmor initialization.
[[0;32m  OK  [0m] Started Wait for Network to be Configured.
         Starting Initial cloud-init job (metadata service crawler)...
[   13.321336] cloud-init[782]: Cloud-init v. 18.2 running 'init' at Mon, 28 May 2018 00:48:22 +0000. Up 12.50 seconds.
[[0;32m  OK  [0m] Started Initial cloud-init job (metadata service crawler).
[[0;32m  OK  [0m] Reached target Network is Online.
[   13.398714] cloud-init[782]: ci-info: ++++++++++++++++++++++++++++++++++++++Net device info++++++++++++++++++++++++++++++++++++++
[   13.473247]          cloud-initStarting iSCSI initiator daemon (iscsid)...[782]: 
ci-info: +--------+------+----------------------------+---------------+--------+-------------------+
[[0;32m  OK  [0m] Reached target Cloud-config availability.
[[0;32m  OK  [0m] Reached target System Initialization.
[[0;32m  OK  [0m] Listening on D-Bus System Message Bus Socket.
[   13.529210] cloud-init[782]: ci-info: | Device |  Up  |          Address           |      Mask     | Scope  |     Hw-Address    |
[[0;32m  OK  [0m] Started Daily apt download activities.
[   13.558179] cloud-init[782]: ci-info: +--------+------+----------------------------+---------------+--------+-------------------+
         Starting LXD - unix socket.
[   13.656899] cloud-init[782]: ci-info: | enp0s3 | True |         10.0.2.15          | 255.255.255.0 | global | 02:65:63:c3:a1:5d |
[[0;32m  OK  [0m] Started Discard unused blocks once a week.
[   13.709446] cloud-init[782]: ci-info: | enp0s3 | True | fe80::65:63ff:fec3:a15d/64 |       .       |  link  | 02:65:63:c3:a1:5d |
[   13.745856]          cloud-initStarting Socket activation for snappy daemon.[782]: 
ci-info: |   lo   | True |         127.0.0.1          |   255.0.0.0   |  host  |         .         |
[[0;32m  OK  [0m] Started Daily apt upgrade and clean activities.
[   13.794152] cloud-init[782]: ci-info: |   lo   | True |          ::1/128           |       .       |  host  |         .         |
[[0;32m  OK  [0m] Started Message of the Day.
[   13.809415] cloud-init[782]: ci-info: +--------+------+----------------------------+---------------+--------+-------------------+
[[0;32m  OK  [0m] Listening on UUID daemon activation socket.
[   13.858594] cloud-init[782]: ci-info: ++++++++++++++++++++++++++++Route IPv4 info+++++++++++++++++++++++++++++
[[0;32m  OK  [0m] Started Daily Cleanup of Temporary Directories.
[   13.894547] [[0;32m  OK  [0m] Reached target Timers.
cloud-init[782]: ci-info: +-------+-------------+----------+-----------------+-----------+-------+
[[0;32m  OK  [0m] Started ACPI Events Check.
[   13.918904] [[0;32m  OK  [0m] Reached target Paths.
[[0;32m  OK  [0m] Listening on ACPID Listen Socket.
[[0;32m  OK  [0m] Listening on LXD - unix socket.
[[0;32m  OK  [0m] Listening on Socket activation for snappy daemon.
[[0;32m  OK  [0m] Reached target Sockets.
[[0;32m  OK  [0m] Reached target Basic System.
         Starting Apply the settings specified in cloud-config...
[[0;32m  OK  [0m] Started FUSE filesystem for LXC.
         Starting LXD - container startup/shutdown...
         Starting Virtualbox guest utils...
[[0;32m  OK  [0m] Started Unattended Upgrades Shutdown.
[[0;32m  OK  [0m] Started Regular background program processing daemon.
         Starting System Logging Service...
cloud-init[782]: ci-info: | Route | Destination | Gateway  |     Genmask     | Interface | Flags |
[[0;32m  OK  [0m] Started D-Bus System Message Bus.
[   13.955081] cloud-init[782]: ci-info: +-------+-------------+----------+-----------------+-----------+-------+
[   13.961669] cloud-init[782]: ci-info: |   0   |   0.0.0.0   | 10.0.2.2 |     0.0.0.0     |   enp0s3  |   UG  |
[   13.969637] cloud-init[782]: ci-info: |   1   |   10.0.2.0  | 0.0.0.0  |  255.255.255.0  |   enp0s3  |   U   |
[   13.973688] cloud-init[782]: ci-info: |   2   |   10.0.2.2  | 0.0.0.0  | 255.255.255.255 |   enp0s3  |   UH  |
[   13.979576] cloud-init[782]: ci-info: +-------+-------------+----------+-----------------+-----------+-------+
[   13.993350] cloud-init[782]: ci-info: +++++++++++++++++++Route IPv6 info+++++++++++++++++++
[   13.997109] cloud-init[782]: ci-info: +-------+-------------+---------+-----------+-------+
[   14.015607] cloud-init[782]: ci-info: | Route | Destination | Gateway | Interface | Flags |
[   14.020966] cloud-init[782]: ci-info: +-------+-------------+---------+-----------+-------+
[   14.032602] cloud-init[782]: ci-info: |   1   |  fe80::/64  |    ::   |   enp0s3  |   U   |
[   14.044014] cloud-init[782]: ci-info: |   3   |    local    |    ::   |   enp0s3  |   U   |
[   14.053983] cloud-init[782]: ci-info: |   4   |   ff00::/8  |    ::   |   enp0s3  |   U   |
[   14.057121] cloud-init[782]: ci-info: +-------+-------------+---------+-----------+-------+
[   14.060341] cloud-init[782]: Generating public/private rsa key pair.
[   14.062064] cloud-init[782]: Your identification has been saved in /etc/ssh/ssh_host_rsa_key.
[   14.076392] cloud-init[782]: Your public key has been saved in /etc/ssh/ssh_host_rsa_key.pub.
[[0;32m  OK  [0m] Started irqbalance daemon.
[   14.093595] cloud-init[782]: The key fingerprint is:
         Starting Login Service...
[   14.108165] cloud-init[782]: SHA256:wlqQj40GRnjYF20S25YiK4P2AVgW/v6V3nzJHDSZ6E0 root@ubuntu-bionic
[[0;32m  OK  [0m] Started Deferred execution scheduler.
[   14.136901] cloud-init[782]: The key's randomart image is:
         Starting Pollinate to seed the pseudo random number generator...
         Starting Accounts Service...
         Starting LSB: Record successful boot for GRUB...
[   14.169211] cloud-init[782]: +---[RSA 2048]----+
[   14.243395] cloud-init[782]: | +=.o+           |
[   14.247161] cloud-init[782]: |+=o o+o.         |
[   14.248751] cloud-init[782]: |.o=.=o+    . o   |
[   14.252609] cloud-init[782]: |...= X    . E    |
[   14.255254] cloud-init[782]: |+...= * S. + .   |
[   14.257965] cloud-init[782]: |.o.o.o . .. o    |
[   14.260732] cloud-init[782]: |   .o   o  o o   |
[   14.264707] cloud-init[782]: |     . o o  =    |
         Starting Dispatcher daemon for systemd-networkd...
[   14.290674]          Starting Snappy daemon...
[[0;32m  OK  [0m] Started System Logging Service.
[[0;32m  OK  [0m] Started iSCSI initiator daemon (iscsid).
[[0;32m  OK  [0m] Started LXD - container startup/shutdown.
cloud-init[782]: |      . . o.     |
[[   14.332887] cloud-init[782]: +----[SHA256]-----+
[   14.335614] cloud-init[782]: Generating public/private dsa key pair.
[   14.335658] cloud-init[782]: Your identification has been saved in /etc/ssh/ssh_host_dsa_key.
[   14.335690] cloud-init[782]: Your public key has been saved in /etc/ssh/ssh_host_dsa_key.pub.
[   14.335718] cloud-init[782]: The key fingerprint is:
[   14.335746] cloud-init[782]: SHA256:AHJuVtfgIhmholcJyNvN1mcmxW/qxK5ZcLdOe/eTHeM root@ubuntu-bionic
[   14.335774] cloud-init[782]: The key's randomart image is:
[   14.335802] cloud-init[782]: +---[DSA 1024]----+
[   14.335837] cloud-init[782]: |..o =.. +o       |
[   14.335867] cloud-init[782]: |.. * * o o.      |
[   14.335899] cloud-init[782]: |. + @ + o .      |
[   14.335928] cloud-init[782]: |.o = = = + o     |
[   14.335955] cloud-init[782]: |. . .  .S.o.     |
[   14.335986] cloud-init[782]: | .      o+. .  o |
[   14.336024] cloud-init[782]: |        +. o  . =|
[0;32m  OK  [0m] Started Login Service.
[[0;32m  OK  [0m] Started LSB: Record successful boot for GRUB.
[   14.336283] cloud-init[782]: |        ooo .. E.|
         Starting Authorization Manager...
[   14.505486] [cloud-init[0;32m  OK  [0m[782]: ] |       o.  o. . +|Reached target Remote File Systems (Pre).

[[0;32m  OK  [0m] Reached target Remote File Systems.
         Starting Permit User Sessions...
         Starting LSB: automatic crash report generation...
[   14.543617] cloud-init[782]: +----[SHA256]-----+
         Starting Availability of block devices...
[[0;32m  OK  [0m] Started Snappy daemon.
[   14.576434] cloud-init[782]: Generating public/private ecdsa key pair.
[[0;32m  OK  [0m] Started Dispatcher daemon for systemd-networkd.
[[0;32m  OK  [0m] Started Virtualbox guest utils.
[   14.604713] cloud-init[782]: Your identification has been saved in /etc/ssh/ssh_host_ecdsa_key.
[[0;32m  OK  [0m] Started Permit User Sessions.
[   14.652843] cloud-init[782]: Your public key has been saved in /etc/ssh/ssh_host_ecdsa_key.pub.
[[0;32m  OK  [0m] Started Availability of block devices.
[   14.667491] cloud-init[782]: The key fingerprint is:
[   14.696243] [[0;32m  OK  [0m] Started Authorization Manager.
[[0;32m  OK  [0m] Started Accounts Service.
         Starting Terminate Plymouth Boot Screen...
         Starting Hold until boot process finishes up...
         Starting Wait until snapd is fully seeded...
[[0;32m  OK  [0m] Started Hold until boot process finishes up.
         Starting Set console scheme...
[[0;32m  OK  [0m] Started Serial Getty on ttyS0.
[[0;32m  OK  [0m] Started Set console scheme.
[[0;32m  OK  [0m] Created slice system-getty.slice.
[[0;32m  OK  [0m] Started Getty on tty1.
[[0;32m  OK  [0m] Reached target Login Prompts.
[[0;32m  OK  [0m] Started Terminate Plymouth Boot Screen.
cloud-init[782]: SHA256:2/XIda/y28q3MioQ+0QIM2B53bq53AO+SBvcY6TMle4 root@ubuntu-bionic
[[0;32m  OK  [0m] Started LSB: automatic crash report generation.
[   14.801462] cloud-init[782]: The key's randomart image is:
[   14.840493] cloud-init[782]: +---[ECDSA 256]---+
[   14.872598] cloud-init[782]: |   oo . .        |
[   14.893643] cloud-init[782]: |  .. = . .       |
[   14.920952] cloud-init[782]: |    . + o        |
[   14.925776] cloud-init[782]: |       +..       |
[   14.927122] cloud-init[782]: |       +S   . . .|
[   14.928655] cloud-init[782]: |    + ** + o + ..|
[   14.929981] cloud-init[782]: |     Bo=O . o . .|
[   14.931300] cloud-init[782]: |    . *+.=  .+ o.|
[   14.932666] cloud-init[782]: |     o E. o..oO=o|
[   14.935416] cloud-init[782]: +----[SHA256]-----+
[   14.956251] cloud-init[782]: Generating public/private ed25519 key pair.
[   14.980315] cloud-init[782]: Your identification has been saved in /etc/ssh/ssh_host_ed25519_key.
[   15.000450] cloud-init[782]: Your public key has been saved in /etc/ssh/ssh_host_ed25519_key.pub.
[   15.015209] cloud-init[782]: The key fingerprint is:
[[0;32m  OK  [0m] Started Apply the settings specified in cloud-config.
[   15.028951] cloud-init[782]: SHA256:z6oovvFcMqQIEErc2ImwK4AM5/mIDG+1d5VIBfQIL8w root@ubuntu-bionic
[   15.042222] cloud-init[782]: The key's randomart image is:
[   15.044154] cloud-init[782]: +--[ED25519 256]--+
[   15.045890] cloud-init[782]: |*.* . ..+o.      |
[   15.047594] cloud-init[782]: |*O = o + + .     |
[   15.049907] cloud-init[782]: |B.o . E + +      |
[   15.051582] cloud-init[782]: |=+ + . . .       |
[   15.053275] cloud-init[782]: |=.+ + . S        |
[   15.054933] cloud-init[782]: |oo o . . o       |
[   15.056695] cloud-init[782]: |. o o .   o      |
[   15.058486] cloud-init[782]: |  .+ =   .       |
[   15.060216] cloud-init[782]: | .oo+ ...        |
[   15.062591] cloud-init[782]: +----[SHA256]-----+
[   15.066406] cloud-init[914]: Cloud-init v. 18.2 running 'modules:config' at Mon, 28 May 2018 00:48:24 +0000. Up 14.46 seconds.
[[0;32m  OK  [0m] Started Pollinate to seed the pseudo random number generator.
         Starting OpenBSD Secure Shell server...
[[0;32m  OK  [0m] Started OpenBSD Secure Shell server.
[[0;32m  OK  [0m] Created slice User Slice of vagrant.
         Starting User Manager for UID 1000...
[[0;32m  OK  [0m] Started Session 1 of user vagrant.
[[0;32m  OK  [0m] Started User Manager for UID 1000.
[[0;32m  OK  [0m] Started Wait until snapd is fully seeded.
[[0;32m  OK  [0m] Reached target Multi-User System.
[[0;32m  OK  [0m] Reached target Graphical Interface.
         Starting Update UTMP about System Runlevel Changes...
         Starting Execute cloud user/final scripts...
[[0;32m  OK  [0m] Started Update UTMP about System Runlevel Changes.
[[0;32m  OK  [0m] Started Session 3 of user vagrant.
ci-info: no authorized ssh keys fingerprints found for user ubuntu.
<14>May 28 00:48:28 ec2: 
<14>May 28 00:48:28 ec2: #############################################################
<14>May 28 00:48:28 ec2: -----BEGIN SSH HOST KEY FINGERPRINTS-----
<14>May 28 00:48:28 ec2: 1024 SHA256:AHJuVtfgIhmholcJyNvN1mcmxW/qxK5ZcLdOe/eTHeM root@ubuntu-bionic (DSA)
<14>May 28 00:48:28 ec2: 256 SHA256:2/XIda/y28q3MioQ+0QIM2B53bq53AO+SBvcY6TMle4 root@ubuntu-bionic (ECDSA)
<14>May 28 00:48:28 ec2: 256 SHA256:z6oovvFcMqQIEErc2ImwK4AM5/mIDG+1d5VIBfQIL8w root@ubuntu-bionic (ED25519)
<14>May 28 00:48:28 ec2: 2048 SHA256:wlqQj40GRnjYF20S25YiK4P2AVgW/v6V3nzJHDSZ6E0 root@ubuntu-bionic (RSA)
<14>May 28 00:48:28 ec2: -----END SSH HOST KEY FINGERPRINTS-----
<14>May 28 00:48:28 ec2: #############################################################
-----BEGIN SSH HOST KEY KEYS-----
ecdsa-sha2-nistp256 AAAAE2VjZHNhLXNoYTItbmlzdHAyNTYAAAAIbmlzdHAyNTYAAABBBDqxbIGTyV9L7dBh13LrtahVxsidr3s5HkoOwCVKNSFJ3YpE0uad4Q4BxPj2pVv1CLjzbj9kos4vJ+7gRV40R20= root@ubuntu-bionic
ssh-ed25519 AAAAC3NzaC1lZDI1NTE5AAAAIE7mWeBGxVMMoQaJus0N2OIh0It3ewexFgTi4ClwYOZG root@ubuntu-bionic
ssh-rsa AAAAB3NzaC1yc2EAAAADAQABAAABAQDbP8wBB7pTQs7alCutQX4vin1YFRVqAT8naqZEzeN8oCcJ4WmQMbjy/XRLSNoZwLPZpTv/MTMrM/bifYH448vMNmvSY4Q4X9PR3XbXOrrXD6xOqbLuPyTRsiEQL/m/ZryKdHWj0T2hLwmIu8Nq4g6m5Uhj+VsmTpXobnP1/72/EHPnv4rn9eqJOHxfqyUtmDEumyF+23d7Fe+hekyhJiEdYuAciWvUzj9gao3jWNicJgpxkolTfzQiunRpSybKUIRiZm8FsmmcVx9vVt2oucqNMpgeGOnjJyJcaGTuFuUsTA5N2aGJfrmpeebIx2QC+ZUC4aZwaYqSgKCL8bA4aTyf root@ubuntu-bionic
-----END SSH HOST KEY KEYS-----
[   19.200545] cloud-init[1544]: Cloud-init v. 18.2 running 'modules:final' at Mon, 28 May 2018 00:48:28 +0000. Up 18.68 seconds.
[   19.227775] cloud-init[1544]: ci-info: no authorized ssh keys fingerprints found for user ubuntu.
[[0;32m  OK  [0m] Started Execute cloud user/final scripts.
[   19.265933] cloud-init[1544]: Cloud-init v. 18.2 finished at Mon, 28 May 2018 00:48:28 +0000. Datasource DataSourceNoCloud [seed=/dev/sdb][dsmode=net].  Up 19.19 seconds

Ubuntu 18.04 LTS ubuntu-bionic ttyS0

ubuntu-bionic login: 